This is pdfTeX, Version 3.141592653-2.6-1.40.22 (TeX Live 2022/dev/Debian) (preloaded format=pdflatex 2024.2.20)  12 MAR 2024 10:41
entering extended mode
 restricted \write18 enabled.
 %&-line parsing enabled.
**motivation_and_intent.tex
(./motivation_and_intent.tex
LaTeX2e <2021-11-15> patch level 1
L3 programming layer <2022-01-21>
! Undefined control sequence.
l.1 \chapter
            {Motivation and Intent}
The control sequence at the end of the top line
of your error message was never \def'ed. If you have
misspelled it (e.g., `\hobx'), type `I' and the correct
spelling (e.g., `I\hbox'). Otherwise just continue,
and I'll forget about whatever was undefined.


! LaTeX Error: Missing \begin{document}.

See the LaTeX manual or LaTeX Companion for explanation.
Type  H <return>  for immediate help.
 ...                                              
                                                  
l.1 \chapter{M
              otivation and Intent}
You're in trouble here.  Try typing  <return>  to proceed.
If that doesn't work, type  X <return>  to quit.

Missing character: There is no M in font nullfont!
Missing character: There is no o in font nullfont!
Missing character: There is no t in font nullfont!
Missing character: There is no i in font nullfont!
Missing character: There is no v in font nullfont!
Missing character: There is no a in font nullfont!
Missing character: There is no t in font nullfont!
Missing character: There is no i in font nullfont!
Missing character: There is no o in font nullfont!
Missing character: There is no n in font nullfont!
Missing character: There is no a in font nullfont!
Missing character: There is no n in font nullfont!
Missing character: There is no d in font nullfont!
Missing character: There is no I in font nullfont!
Missing character: There is no n in font nullfont!
Missing character: There is no t in font nullfont!
Missing character: There is no e in font nullfont!
Missing character: There is no n in font nullfont!
Missing character: There is no t in font nullfont!

Overfull \hbox (20.0pt too wide) in paragraph at lines 1--2
[]
 []


! LaTeX Error: Missing \begin{document}.

See the LaTeX manual or LaTeX Companion for explanation.
Type  H <return>  for immediate help.
 ...                                              
                                                  
l.3 W
     ave energy converter (WEC) technology is an emerging field within the d...

You're in trouble here.  Try typing  <return>  to proceed.
If that doesn't work, type  X <return>  to quit.

Missing character: There is no W in font nullfont!
Missing character: There is no a in font nullfont!
Missing character: There is no v in font nullfont!
Missing character: There is no e in font nullfont!
Missing character: There is no e in font nullfont!
Missing character: There is no n in font nullfont!
Missing character: There is no e in font nullfont!
Missing character: There is no r in font nullfont!
Missing character: There is no g in font nullfont!
Missing character: There is no y in font nullfont!
Missing character: There is no c in font nullfont!
Missing character: There is no o in font nullfont!
Missing character: There is no n in font nullfont!
Missing character: There is no v in font nullfont!
Missing character: There is no e in font nullfont!
Missing character: There is no r in font nullfont!
Missing character: There is no t in font nullfont!
Missing character: There is no e in font nullfont!
Missing character: There is no r in font nullfont!
Missing character: There is no ( in font nullfont!
Missing character: There is no W in font nullfont!
Missing character: There is no E in font nullfont!
Missing character: There is no C in font nullfont!
Missing character: There is no ) in font nullfont!
Missing character: There is no t in font nullfont!
Missing character: There is no e in font nullfont!
Missing character: There is no c in font nullfont!
Missing character: There is no h in font nullfont!
Missing character: There is no n in font nullfont!
Missing character: There is no o in font nullfont!
Missing character: There is no l in font nullfont!
Missing character: There is no o in font nullfont!
Missing character: There is no g in font nullfont!
Missing character: There is no y in font nullfont!
Missing character: There is no i in font nullfont!
Missing character: There is no s in font nullfont!
Missing character: There is no a in font nullfont!
Missing character: There is no n in font nullfont!
Missing character: There is no e in font nullfont!
Missing character: There is no m in font nullfont!
Missing character: There is no e in font nullfont!
Missing character: There is no r in font nullfont!
Missing character: There is no g in font nullfont!
Missing character: There is no i in font nullfont!
Missing character: There is no n in font nullfont!
Missing character: There is no g in font nullfont!
Missing character: There is no f in font nullfont!
Missing character: There is no i in font nullfont!
Missing character: There is no e in font nullfont!
Missing character: There is no l in font nullfont!
Missing character: There is no d in font nullfont!
Missing character: There is no w in font nullfont!
Missing character: There is no i in font nullfont!
Missing character: There is no t in font nullfont!
Missing character: There is no h in font nullfont!
Missing character: There is no i in font nullfont!
Missing character: There is no n in font nullfont!
Missing character: There is no t in font nullfont!
Missing character: There is no h in font nullfont!
Missing character: There is no e in font nullfont!
Missing character: There is no d in font nullfont!
Missing character: There is no o in font nullfont!
Missing character: There is no m in font nullfont!
Missing character: There is no a in font nullfont!
Missing character: There is no i in font nullfont!
Missing character: There is no n in font nullfont!
Missing character: There is no o in font nullfont!
Missing character: There is no f in font nullfont!
Missing character: There is no r in font nullfont!
Missing character: There is no e in font nullfont!
Missing character: There is no n in font nullfont!
Missing character: There is no e in font nullfont!
Missing character: There is no w in font nullfont!
Missing character: There is no a in font nullfont!
Missing character: There is no b in font nullfont!
Missing character: There is no l in font nullfont!
Missing character: There is no e in font nullfont!
Missing character: There is no e in font nullfont!
Missing character: There is no n in font nullfont!
Missing character: There is no e in font nullfont!
Missing character: There is no r in font nullfont!
Missing character: There is no g in font nullfont!
Missing character: There is no y in font nullfont!
Missing character: There is no , in font nullfont!
Missing character: There is no e in font nullfont!
Missing character: There is no s in font nullfont!
Missing character: There is no p in font nullfont!
Missing character: There is no e in font nullfont!
Missing character: There is no c in font nullfont!
Missing character: There is no i in font nullfont!
Missing character: There is no a in font nullfont!
Missing character: There is no l in font nullfont!
Missing character: There is no l in font nullfont!
Missing character: There is no y in font nullfont!
Missing character: There is no f in font nullfont!
Missing character: There is no o in font nullfont!
Missing character: There is no r in font nullfont!
Missing character: There is no r in font nullfont!
Missing character: There is no e in font nullfont!
Missing character: There is no g in font nullfont!
Missing character: There is no i in font nullfont!
Missing character: There is no o in font nullfont!
Missing character: There is no n in font nullfont!
Missing character: There is no s in font nullfont!
Missing character: There is no w in font nullfont!
Missing character: There is no i in font nullfont!
Missing character: There is no t in font nullfont!
Missing character: There is no h in font nullfont!
Missing character: There is no a in font nullfont!
Missing character: There is no h in font nullfont!
Missing character: There is no i in font nullfont!
Missing character: There is no g in font nullfont!
Missing character: There is no h in font nullfont!
Missing character: There is no w in font nullfont!
Missing character: There is no a in font nullfont!
Missing character: There is no v in font nullfont!
Missing character: There is no e in font nullfont!
Missing character: There is no e in font nullfont!
Missing character: There is no n in font nullfont!
Missing character: There is no e in font nullfont!
Missing character: There is no r in font nullfont!
Missing character: There is no g in font nullfont!
Missing character: There is no y in font nullfont!
Missing character: There is no p in font nullfont!
Missing character: There is no o in font nullfont!
Missing character: There is no t in font nullfont!
Missing character: There is no e in font nullfont!
Missing character: There is no n in font nullfont!
Missing character: There is no t in font nullfont!
Missing character: There is no i in font nullfont!
Missing character: There is no a in font nullfont!
Missing character: There is no l in font nullfont!
Missing character: There is no s in font nullfont!
Missing character: There is no u in font nullfont!
Missing character: There is no c in font nullfont!
Missing character: There is no h in font nullfont!
Missing character: There is no a in font nullfont!
Missing character: There is no s in font nullfont!
Missing character: There is no V in font nullfont!
Missing character: There is no a in font nullfont!
Missing character: There is no n in font nullfont!
Missing character: There is no c in font nullfont!
Missing character: There is no o in font nullfont!
Missing character: There is no u in font nullfont!
Missing character: There is no v in font nullfont!
Missing character: There is no e in font nullfont!
Missing character: There is no r in font nullfont!
Missing character: There is no I in font nullfont!
Missing character: There is no s in font nullfont!
Missing character: There is no l in font nullfont!
Missing character: There is no a in font nullfont!
Missing character: There is no n in font nullfont!
Missing character: There is no d in font nullfont!
Missing character: There is no . in font nullfont!
Missing character: There is no H in font nullfont!
Missing character: There is no o in font nullfont!
Missing character: There is no w in font nullfont!
Missing character: There is no e in font nullfont!
Missing character: There is no v in font nullfont!
Missing character: There is no e in font nullfont!
Missing character: There is no r in font nullfont!
Missing character: There is no , in font nullfont!
Missing character: There is no c in font nullfont!
Missing character: There is no o in font nullfont!
Missing character: There is no m in font nullfont!
Missing character: There is no p in font nullfont!
Missing character: There is no a in font nullfont!
Missing character: There is no r in font nullfont!
Missing character: There is no e in font nullfont!
Missing character: There is no d in font nullfont!
Missing character: There is no t in font nullfont!
Missing character: There is no o in font nullfont!
Missing character: There is no o in font nullfont!
Missing character: There is no t in font nullfont!
Missing character: There is no h in font nullfont!
Missing character: There is no e in font nullfont!
Missing character: There is no r in font nullfont!
Missing character: There is no r in font nullfont!
Missing character: There is no e in font nullfont!
Missing character: There is no n in font nullfont!
Missing character: There is no e in font nullfont!
Missing character: There is no w in font nullfont!
Missing character: There is no a in font nullfont!
Missing character: There is no b in font nullfont!
Missing character: There is no l in font nullfont!
Missing character: There is no e in font nullfont!
Missing character: There is no e in font nullfont!
Missing character: There is no n in font nullfont!
Missing character: There is no e in font nullfont!
Missing character: There is no r in font nullfont!
Missing character: There is no g in font nullfont!
Missing character: There is no y in font nullfont!
Missing character: There is no t in font nullfont!
Missing character: There is no e in font nullfont!
Missing character: There is no c in font nullfont!
Missing character: There is no h in font nullfont!
Missing character: There is no n in font nullfont!
Missing character: There is no o in font nullfont!
Missing character: There is no l in font nullfont!
Missing character: There is no o in font nullfont!
Missing character: There is no g in font nullfont!
Missing character: There is no i in font nullfont!
Missing character: There is no e in font nullfont!
Missing character: There is no s in font nullfont!
Missing character: There is no s in font nullfont!
Missing character: There is no u in font nullfont!
Missing character: There is no c in font nullfont!
Missing character: There is no h in font nullfont!
Missing character: There is no a in font nullfont!
Missing character: There is no s in font nullfont!
Missing character: There is no s in font nullfont!
Missing character: There is no o in font nullfont!
Missing character: There is no l in font nullfont!
Missing character: There is no a in font nullfont!
Missing character: There is no r in font nullfont!
Missing character: There is no a in font nullfont!
Missing character: There is no n in font nullfont!
Missing character: There is no d in font nullfont!
Missing character: There is no w in font nullfont!
Missing character: There is no i in font nullfont!
Missing character: There is no n in font nullfont!
Missing character: There is no d in font nullfont!
Missing character: There is no , in font nullfont!
Missing character: There is no W in font nullfont!
Missing character: There is no E in font nullfont!
Missing character: There is no C in font nullfont!
Missing character: There is no d in font nullfont!
Missing character: There is no y in font nullfont!
Missing character: There is no n in font nullfont!
Missing character: There is no a in font nullfont!
Missing character: There is no m in font nullfont!
Missing character: There is no i in font nullfont!
Missing character: There is no c in font nullfont!
Missing character: There is no s in font nullfont!
Missing character: There is no a in font nullfont!
Missing character: There is no r in font nullfont!
Missing character: There is no e in font nullfont!
Missing character: There is no h in font nullfont!
Missing character: There is no i in font nullfont!
Missing character: There is no g in font nullfont!
Missing character: There is no h in font nullfont!
Missing character: There is no l in font nullfont!
Missing character: There is no y in font nullfont!
Missing character: There is no c in font nullfont!
Missing character: There is no o in font nullfont!
Missing character: There is no m in font nullfont!
Missing character: There is no p in font nullfont!
Missing character: There is no l in font nullfont!
Missing character: There is no e in font nullfont!
Missing character: There is no x in font nullfont!
Missing character: There is no a in font nullfont!
Missing character: There is no n in font nullfont!
Missing character: There is no d in font nullfont!
Missing character: There is no e in font nullfont!
Missing character: There is no x in font nullfont!
Missing character: There is no p in font nullfont!
Missing character: There is no e in font nullfont!
Missing character: There is no n in font nullfont!
Missing character: There is no s in font nullfont!
Missing character: There is no i in font nullfont!
Missing character: There is no v in font nullfont!
Missing character: There is no e in font nullfont!
Missing character: There is no t in font nullfont!
Missing character: There is no o in font nullfont!
Missing character: There is no m in font nullfont!
Missing character: There is no o in font nullfont!
Missing character: There is no d in font nullfont!
Missing character: There is no e in font nullfont!
Missing character: There is no l in font nullfont!
Missing character: There is no a in font nullfont!
Missing character: There is no n in font nullfont!
Missing character: There is no d in font nullfont!
Missing character: There is no s in font nullfont!
Missing character: There is no i in font nullfont!
Missing character: There is no m in font nullfont!
Missing character: There is no u in font nullfont!
Missing character: There is no l in font nullfont!
Missing character: There is no a in font nullfont!
Missing character: There is no t in font nullfont!
Missing character: There is no e in font nullfont!
Missing character: There is no , in font nullfont!
Missing character: There is no a in font nullfont!
Missing character: There is no n in font nullfont!
Missing character: There is no d in font nullfont!
Missing character: There is no s in font nullfont!
Missing character: There is no o in font nullfont!
Missing character: There is no m in font nullfont!
Missing character: There is no e in font nullfont!
Missing character: There is no t in font nullfont!
Missing character: There is no h in font nullfont!
Missing character: There is no o in font nullfont!
Missing character: There is no d in font nullfont!
Missing character: There is no s in font nullfont!
Missing character: There is no o in font nullfont!
Missing character: There is no f in font nullfont!
Missing character: There is no r in font nullfont!
Missing character: There is no e in font nullfont!
Missing character: There is no d in font nullfont!
Missing character: There is no u in font nullfont!
Missing character: There is no c in font nullfont!
Missing character: There is no i in font nullfont!
Missing character: There is no n in font nullfont!
Missing character: There is no g in font nullfont!
Missing character: There is no t in font nullfont!
Missing character: There is no h in font nullfont!
Missing character: There is no i in font nullfont!
Missing character: There is no s in font nullfont!
Missing character: There is no c in font nullfont!
Missing character: There is no o in font nullfont!
Missing character: There is no m in font nullfont!
Missing character: There is no p in font nullfont!
Missing character: There is no u in font nullfont!
Missing character: There is no t in font nullfont!
Missing character: There is no a in font nullfont!
Missing character: There is no t in font nullfont!
Missing character: There is no i in font nullfont!
Missing character: There is no o in font nullfont!
Missing character: There is no n in font nullfont!
Missing character: There is no a in font nullfont!
Missing character: There is no l in font nullfont!
Missing character: There is no e in font nullfont!
Missing character: There is no x in font nullfont!
Missing character: There is no p in font nullfont!
Missing character: There is no e in font nullfont!
Missing character: There is no n in font nullfont!
Missing character: There is no s in font nullfont!
Missing character: There is no e in font nullfont!
Missing character: There is no ( in font nullfont!
Missing character: There is no w in font nullfont!
Missing character: There is no i in font nullfont!
Missing character: There is no t in font nullfont!
Missing character: There is no h in font nullfont!
Missing character: There is no o in font nullfont!
Missing character: There is no u in font nullfont!
Missing character: There is no t in font nullfont!
Missing character: There is no s in font nullfont!
Missing character: There is no a in font nullfont!
Missing character: There is no c in font nullfont!
Missing character: There is no r in font nullfont!
Missing character: There is no i in font nullfont!
Missing character: There is no f in font nullfont!
Missing character: There is no i in font nullfont!
Missing character: There is no c in font nullfont!
Missing character: There is no i in font nullfont!
Missing character: There is no n in font nullfont!
Missing character: There is no g in font nullfont!
Missing character: There is no a in font nullfont!
Missing character: There is no n in font nullfont!
Missing character: There is no e in font nullfont!
Missing character: There is no x in font nullfont!
Missing character: There is no c in font nullfont!
Missing character: There is no e in font nullfont!
Missing character: There is no s in font nullfont!
Missing character: There is no s in font nullfont!
Missing character: There is no i in font nullfont!
Missing character: There is no v in font nullfont!
Missing character: There is no e in font nullfont!
Missing character: There is no a in font nullfont!
Missing character: There is no m in font nullfont!
Missing character: There is no o in font nullfont!
Missing character: There is no u in font nullfont!
Missing character: There is no n in font nullfont!
Missing character: There is no t in font nullfont!
Missing character: There is no o in font nullfont!
Missing character: There is no f in font nullfont!
Missing character: There is no d in font nullfont!
Missing character: There is no e in font nullfont!
Missing character: There is no t in font nullfont!
Missing character: There is no a in font nullfont!
Missing character: There is no i in font nullfont!
Missing character: There is no l in font nullfont!
Missing character: There is no ) in font nullfont!
Missing character: There is no a in font nullfont!
Missing character: There is no r in font nullfont!
Missing character: There is no e in font nullfont!
Missing character: There is no d in font nullfont!
Missing character: There is no e in font nullfont!
Missing character: There is no s in font nullfont!
Missing character: There is no i in font nullfont!
Missing character: There is no r in font nullfont!
Missing character: There is no a in font nullfont!
Missing character: There is no b in font nullfont!
Missing character: There is no l in font nullfont!
Missing character: There is no e in font nullfont!
Missing character: There is no . in font nullfont!
Missing character: There is no T in font nullfont!
Missing character: There is no h in font nullfont!
Missing character: There is no i in font nullfont!
Missing character: There is no s in font nullfont!
Missing character: There is no i in font nullfont!
Missing character: There is no s in font nullfont!
Missing character: There is no p in font nullfont!
Missing character: There is no r in font nullfont!
Missing character: There is no e in font nullfont!
Missing character: There is no c in font nullfont!
Missing character: There is no i in font nullfont!
Missing character: There is no s in font nullfont!
Missing character: There is no e in font nullfont!
Missing character: There is no l in font nullfont!
Missing character: There is no y in font nullfont!
Missing character: There is no t in font nullfont!
Missing character: There is no h in font nullfont!
Missing character: There is no e in font nullfont!
Missing character: There is no i in font nullfont!
Missing character: There is no n in font nullfont!
Missing character: There is no t in font nullfont!
Missing character: There is no e in font nullfont!
Missing character: There is no n in font nullfont!
Missing character: There is no t in font nullfont!
Missing character: There is no o in font nullfont!
Missing character: There is no f in font nullfont!
Missing character: There is no t in font nullfont!
Missing character: There is no h in font nullfont!
Missing character: There is no i in font nullfont!
Missing character: There is no s in font nullfont!
Missing character: There is no w in font nullfont!
Missing character: There is no o in font nullfont!
Missing character: There is no r in font nullfont!
Missing character: There is no k in font nullfont!

Overfull \hbox (20.0pt too wide) in paragraph at lines 3--3
[]
 []


! LaTeX Error: Missing \begin{document}.

See the LaTeX manual or LaTeX Companion for explanation.
Type  H <return>  for immediate help.
 ...                                              
                                                  
l.4 T
     o that end, the approach taken in this work is inspired by the historic...

You're in trouble here.  Try typing  <return>  to proceed.
If that doesn't work, type  X <return>  to quit.

Missing character: There is no T in font nullfont!
Missing character: There is no o in font nullfont!
Missing character: There is no t in font nullfont!
Missing character: There is no h in font nullfont!
Missing character: There is no a in font nullfont!
Missing character: There is no t in font nullfont!
Missing character: There is no e in font nullfont!
Missing character: There is no n in font nullfont!
Missing character: There is no d in font nullfont!
Missing character: There is no , in font nullfont!
Missing character: There is no t in font nullfont!
Missing character: There is no h in font nullfont!
Missing character: There is no e in font nullfont!
Missing character: There is no a in font nullfont!
Missing character: There is no p in font nullfont!
Missing character: There is no p in font nullfont!
Missing character: There is no r in font nullfont!
Missing character: There is no o in font nullfont!
Missing character: There is no a in font nullfont!
Missing character: There is no c in font nullfont!
Missing character: There is no h in font nullfont!
Missing character: There is no t in font nullfont!
Missing character: There is no a in font nullfont!
Missing character: There is no k in font nullfont!
Missing character: There is no e in font nullfont!
Missing character: There is no n in font nullfont!
Missing character: There is no i in font nullfont!
Missing character: There is no n in font nullfont!
Missing character: There is no t in font nullfont!
Missing character: There is no h in font nullfont!
Missing character: There is no i in font nullfont!
Missing character: There is no s in font nullfont!
Missing character: There is no w in font nullfont!
Missing character: There is no o in font nullfont!
Missing character: There is no r in font nullfont!
Missing character: There is no k in font nullfont!
Missing character: There is no i in font nullfont!
Missing character: There is no s in font nullfont!
Missing character: There is no i in font nullfont!
Missing character: There is no n in font nullfont!
Missing character: There is no s in font nullfont!
Missing character: There is no p in font nullfont!
Missing character: There is no i in font nullfont!
Missing character: There is no r in font nullfont!
Missing character: There is no e in font nullfont!
Missing character: There is no d in font nullfont!
Missing character: There is no b in font nullfont!
Missing character: There is no y in font nullfont!
Missing character: There is no t in font nullfont!
Missing character: There is no h in font nullfont!
Missing character: There is no e in font nullfont!
Missing character: There is no h in font nullfont!
Missing character: There is no i in font nullfont!
Missing character: There is no s in font nullfont!
Missing character: There is no t in font nullfont!
Missing character: There is no o in font nullfont!
Missing character: There is no r in font nullfont!
Missing character: There is no i in font nullfont!
Missing character: There is no c in font nullfont!
Missing character: There is no a in font nullfont!
Missing character: There is no l in font nullfont!
Missing character: There is no s in font nullfont!
Missing character: There is no u in font nullfont!
Missing character: There is no c in font nullfont!
Missing character: There is no c in font nullfont!
Missing character: There is no e in font nullfont!
Missing character: There is no s in font nullfont!
Missing character: There is no s in font nullfont!
Missing character: There is no e in font nullfont!
Missing character: There is no s in font nullfont!
Missing character: There is no o in font nullfont!
Missing character: There is no f in font nullfont!
Missing character: There is no t in font nullfont!
Missing character: There is no h in font nullfont!
Missing character: There is no e in font nullfont!
Missing character: There is no s in font nullfont!
Missing character: There is no o in font nullfont!
Missing character: There is no - in font nullfont!
Missing character: There is no c in font nullfont!
Missing character: There is no a in font nullfont!
Missing character: There is no l in font nullfont!
Missing character: There is no l in font nullfont!
Missing character: There is no e in font nullfont!
Missing character: There is no d in font nullfont!
Missing character: There is no p in font nullfont!
Missing character: There is no e in font nullfont!
Missing character: There is no r in font nullfont!
Missing character: There is no t in font nullfont!
Missing character: There is no u in font nullfont!
Missing character: There is no r in font nullfont!
Missing character: There is no b in font nullfont!
Missing character: There is no a in font nullfont!
Missing character: There is no t in font nullfont!
Missing character: There is no i in font nullfont!
Missing character: There is no o in font nullfont!
Missing character: There is no n in font nullfont!
Missing character: There is no m in font nullfont!
Missing character: There is no e in font nullfont!
Missing character: There is no t in font nullfont!
Missing character: There is no h in font nullfont!
Missing character: There is no o in font nullfont!
Missing character: There is no d in font nullfont!
Missing character: There is no s in font nullfont!
Missing character: There is no . in font nullfont!
Missing character: There is no E in font nullfont!
Missing character: There is no s in font nullfont!
Missing character: There is no s in font nullfont!
Missing character: There is no e in font nullfont!
Missing character: There is no n in font nullfont!
Missing character: There is no t in font nullfont!
Missing character: There is no i in font nullfont!
Missing character: There is no a in font nullfont!
Missing character: There is no l in font nullfont!
Missing character: There is no l in font nullfont!
Missing character: There is no y in font nullfont!
Missing character: There is no , in font nullfont!
Missing character: There is no t in font nullfont!
Missing character: There is no h in font nullfont!
Missing character: There is no i in font nullfont!
Missing character: There is no s in font nullfont!
Missing character: There is no i in font nullfont!
Missing character: There is no s in font nullfont!
Missing character: There is no t in font nullfont!
Missing character: There is no h in font nullfont!
Missing character: There is no e in font nullfont!
Missing character: There is no t in font nullfont!
Missing character: There is no e in font nullfont!
Missing character: There is no c in font nullfont!
Missing character: There is no h in font nullfont!
Missing character: There is no n in font nullfont!
Missing character: There is no i in font nullfont!
Missing character: There is no q in font nullfont!
Missing character: There is no u in font nullfont!
Missing character: There is no e in font nullfont!
Missing character: There is no o in font nullfont!
Missing character: There is no f in font nullfont!
Missing character: There is no o in font nullfont!
Missing character: There is no b in font nullfont!
Missing character: There is no t in font nullfont!
Missing character: There is no a in font nullfont!
Missing character: There is no i in font nullfont!
Missing character: There is no n in font nullfont!
Missing character: There is no i in font nullfont!
Missing character: There is no n in font nullfont!
Missing character: There is no g in font nullfont!
Missing character: There is no a in font nullfont!
Missing character: There is no s in font nullfont!
Missing character: There is no o in font nullfont!
Missing character: There is no l in font nullfont!
Missing character: There is no u in font nullfont!
Missing character: There is no t in font nullfont!
Missing character: There is no i in font nullfont!
Missing character: There is no o in font nullfont!
Missing character: There is no n in font nullfont!
Missing character: There is no ( in font nullfont!
Missing character: There is no a in font nullfont!
Missing character: There is no l in font nullfont!
Missing character: There is no b in font nullfont!
Missing character: There is no e in font nullfont!
Missing character: There is no i in font nullfont!
Missing character: There is no t in font nullfont!
Missing character: There is no a in font nullfont!
Missing character: There is no p in font nullfont!
Missing character: There is no p in font nullfont!
Missing character: There is no r in font nullfont!
Missing character: There is no o in font nullfont!
Missing character: There is no x in font nullfont!
Missing character: There is no i in font nullfont!
Missing character: There is no m in font nullfont!
Missing character: There is no a in font nullfont!
Missing character: There is no t in font nullfont!
Missing character: There is no e in font nullfont!
Missing character: There is no ) in font nullfont!
Missing character: There is no t in font nullfont!
Missing character: There is no o in font nullfont!
Missing character: There is no a in font nullfont!
Missing character: There is no c in font nullfont!
Missing character: There is no o in font nullfont!
Missing character: There is no m in font nullfont!
Missing character: There is no p in font nullfont!
Missing character: There is no l in font nullfont!
Missing character: There is no e in font nullfont!
Missing character: There is no x in font nullfont!
Missing character: There is no d in font nullfont!
Missing character: There is no y in font nullfont!
Missing character: There is no n in font nullfont!
Missing character: There is no a in font nullfont!
Missing character: There is no m in font nullfont!
Missing character: There is no i in font nullfont!
Missing character: There is no c in font nullfont!
Missing character: There is no s in font nullfont!
Missing character: There is no p in font nullfont!
Missing character: There is no r in font nullfont!
Missing character: There is no o in font nullfont!
Missing character: There is no b in font nullfont!
Missing character: There is no l in font nullfont!
Missing character: There is no e in font nullfont!
Missing character: There is no m in font nullfont!
Missing character: There is no b in font nullfont!
Missing character: There is no y in font nullfont!
Missing character: There is no f in font nullfont!
Missing character: There is no i in font nullfont!
Missing character: There is no r in font nullfont!
Missing character: There is no s in font nullfont!
Missing character: There is no t in font nullfont!
Missing character: There is no o in font nullfont!
Missing character: There is no b in font nullfont!
Missing character: There is no t in font nullfont!
Missing character: There is no a in font nullfont!
Missing character: There is no i in font nullfont!
Missing character: There is no n in font nullfont!
Missing character: There is no i in font nullfont!
Missing character: There is no n in font nullfont!
Missing character: There is no g in font nullfont!
Missing character: There is no a in font nullfont!
Missing character: There is no n in font nullfont!
Missing character: There is no e in font nullfont!
Missing character: There is no x in font nullfont!
Missing character: There is no a in font nullfont!
Missing character: There is no c in font nullfont!
Missing character: There is no t in font nullfont!
Missing character: There is no s in font nullfont!
Missing character: There is no o in font nullfont!
Missing character: There is no l in font nullfont!
Missing character: There is no u in font nullfont!
Missing character: There is no t in font nullfont!
Missing character: There is no i in font nullfont!
Missing character: There is no o in font nullfont!
Missing character: There is no n in font nullfont!
Missing character: There is no t in font nullfont!
Missing character: There is no o in font nullfont!
Missing character: There is no a in font nullfont!
Missing character: There is no r in font nullfont!
Missing character: There is no e in font nullfont!
Missing character: There is no l in font nullfont!
Missing character: There is no a in font nullfont!
Missing character: There is no t in font nullfont!
Missing character: There is no e in font nullfont!
Missing character: There is no d in font nullfont!
Missing character: There is no , in font nullfont!
Missing character: There is no r in font nullfont!
Missing character: There is no e in font nullfont!
Missing character: There is no d in font nullfont!
Missing character: There is no u in font nullfont!
Missing character: There is no c in font nullfont!
Missing character: There is no e in font nullfont!
Missing character: There is no d in font nullfont!
Missing character: There is no p in font nullfont!
Missing character: There is no r in font nullfont!
Missing character: There is no o in font nullfont!
Missing character: There is no b in font nullfont!
Missing character: There is no l in font nullfont!
Missing character: There is no e in font nullfont!
Missing character: There is no m in font nullfont!
Missing character: There is no , in font nullfont!
Missing character: There is no a in font nullfont!
Missing character: There is no n in font nullfont!
Missing character: There is no d in font nullfont!
Missing character: There is no t in font nullfont!
Missing character: There is no h in font nullfont!
Missing character: There is no e in font nullfont!
Missing character: There is no n in font nullfont!
Missing character: There is no s in font nullfont!
Missing character: There is no e in font nullfont!
Missing character: There is no e in font nullfont!
Missing character: There is no k in font nullfont!
Missing character: There is no i in font nullfont!
Missing character: There is no n in font nullfont!
Missing character: There is no g in font nullfont!
Missing character: There is no a in font nullfont!
Missing character: There is no n in font nullfont!
Missing character: There is no a in font nullfont!
Missing character: There is no p in font nullfont!
Missing character: There is no p in font nullfont!
Missing character: There is no r in font nullfont!
Missing character: There is no o in font nullfont!
Missing character: There is no p in font nullfont!
Missing character: There is no r in font nullfont!
Missing character: There is no i in font nullfont!
Missing character: There is no a in font nullfont!
Missing character: There is no t in font nullfont!
Missing character: There is no e in font nullfont!
Missing character: There is no c in font nullfont!
Missing character: There is no o in font nullfont!
Missing character: There is no r in font nullfont!
Missing character: There is no r in font nullfont!
Missing character: There is no e in font nullfont!
Missing character: There is no c in font nullfont!
Missing character: There is no t in font nullfont!
Missing character: There is no i in font nullfont!
Missing character: There is no o in font nullfont!
Missing character: There is no n in font nullfont!
Missing character: There is no ( in font nullfont!
Missing character: There is no o in font nullfont!
Missing character: There is no r in font nullfont!
Missing character: There is no ) in font nullfont!
Missing character: There is no o in font nullfont!
Missing character: There is no f in font nullfont!
Missing character: There is no t in font nullfont!
Missing character: There is no h in font nullfont!
Missing character: There is no i in font nullfont!
Missing character: There is no s in font nullfont!
Missing character: There is no e in font nullfont!
Missing character: There is no x in font nullfont!
Missing character: There is no a in font nullfont!
Missing character: There is no c in font nullfont!
Missing character: There is no t in font nullfont!
Missing character: There is no s in font nullfont!
Missing character: There is no o in font nullfont!
Missing character: There is no l in font nullfont!
Missing character: There is no u in font nullfont!
Missing character: There is no t in font nullfont!
Missing character: There is no i in font nullfont!
Missing character: There is no o in font nullfont!
Missing character: There is no n in font nullfont!
Missing character: There is no t in font nullfont!
Missing character: There is no o in font nullfont!
Missing character: There is no b in font nullfont!
Missing character: There is no e in font nullfont!
Missing character: There is no t in font nullfont!
Missing character: There is no t in font nullfont!
Missing character: There is no e in font nullfont!
Missing character: There is no r in font nullfont!
Missing character: There is no a in font nullfont!
Missing character: There is no p in font nullfont!
Missing character: There is no p in font nullfont!
Missing character: There is no r in font nullfont!
Missing character: There is no o in font nullfont!
Missing character: There is no x in font nullfont!
Missing character: There is no i in font nullfont!
Missing character: There is no m in font nullfont!
Missing character: There is no a in font nullfont!
Missing character: There is no t in font nullfont!
Missing character: There is no e in font nullfont!
Missing character: There is no t in font nullfont!
Missing character: There is no h in font nullfont!
Missing character: There is no e in font nullfont!
Missing character: There is no t in font nullfont!
Missing character: There is no r in font nullfont!
Missing character: There is no u in font nullfont!
Missing character: There is no e in font nullfont!
Missing character: There is no , in font nullfont!
Missing character: There is no c in font nullfont!
Missing character: There is no o in font nullfont!
Missing character: There is no m in font nullfont!
Missing character: There is no p in font nullfont!
Missing character: There is no l in font nullfont!
Missing character: There is no e in font nullfont!
Missing character: There is no x in font nullfont!
Missing character: There is no d in font nullfont!
Missing character: There is no y in font nullfont!
Missing character: There is no n in font nullfont!
Missing character: There is no a in font nullfont!
Missing character: There is no m in font nullfont!
Missing character: There is no i in font nullfont!
Missing character: There is no c in font nullfont!
Missing character: There is no s in font nullfont!
Missing character: There is no . in font nullfont!
Missing character: There is no T in font nullfont!
Missing character: There is no h in font nullfont!
Missing character: There is no e in font nullfont!
Missing character: There is no c in font nullfont!
Missing character: There is no a in font nullfont!
Missing character: There is no n in font nullfont!
Missing character: There is no o in font nullfont!
Missing character: There is no n in font nullfont!
Missing character: There is no i in font nullfont!
Missing character: There is no c in font nullfont!
Missing character: There is no a in font nullfont!
Missing character: There is no l in font nullfont!
Missing character: There is no e in font nullfont!
Missing character: There is no x in font nullfont!
Missing character: There is no a in font nullfont!
Missing character: There is no m in font nullfont!
Missing character: There is no p in font nullfont!
Missing character: There is no l in font nullfont!
Missing character: There is no e in font nullfont!
Missing character: There is no o in font nullfont!
Missing character: There is no f in font nullfont!
Missing character: There is no t in font nullfont!
Missing character: There is no h in font nullfont!
Missing character: There is no e in font nullfont!
Missing character: There is no p in font nullfont!
Missing character: There is no o in font nullfont!
Missing character: There is no w in font nullfont!
Missing character: There is no e in font nullfont!
Missing character: There is no r in font nullfont!
Missing character: There is no o in font nullfont!
Missing character: There is no f in font nullfont!
Missing character: There is no t in font nullfont!
Missing character: There is no h in font nullfont!
Missing character: There is no e in font nullfont!
Missing character: There is no s in font nullfont!
Missing character: There is no e in font nullfont!
Missing character: There is no m in font nullfont!
Missing character: There is no e in font nullfont!
Missing character: There is no t in font nullfont!
Missing character: There is no h in font nullfont!
Missing character: There is no o in font nullfont!
Missing character: There is no d in font nullfont!
Missing character: There is no s in font nullfont!
Missing character: There is no a in font nullfont!
Missing character: There is no r in font nullfont!
Missing character: There is no e in font nullfont!
Missing character: There is no t in font nullfont!
Missing character: There is no h in font nullfont!
Missing character: There is no e in font nullfont!
Missing character: There is no i in font nullfont!
Missing character: There is no r in font nullfont!
Missing character: There is no c in font nullfont!
Missing character: There is no o in font nullfont!
Missing character: There is no n in font nullfont!
Missing character: There is no t in font nullfont!
Missing character: There is no r in font nullfont!
Missing character: There is no i in font nullfont!
Missing character: There is no b in font nullfont!
Missing character: There is no u in font nullfont!
Missing character: There is no t in font nullfont!
Missing character: There is no i in font nullfont!
Missing character: There is no o in font nullfont!
Missing character: There is no n in font nullfont!
Missing character: There is no t in font nullfont!
Missing character: There is no o in font nullfont!
Missing character: There is no t in font nullfont!
Missing character: There is no h in font nullfont!
Missing character: There is no e in font nullfont!
Missing character: There is no d in font nullfont!
Missing character: There is no i in font nullfont!
Missing character: There is no s in font nullfont!
Missing character: There is no c in font nullfont!
Missing character: There is no o in font nullfont!
Missing character: There is no v in font nullfont!
Missing character: There is no e in font nullfont!
Missing character: There is no r in font nullfont!
Missing character: There is no y in font nullfont!
Missing character: There is no o in font nullfont!
Missing character: There is no f in font nullfont!
Missing character: There is no t in font nullfont!
Missing character: There is no h in font nullfont!
Missing character: There is no e in font nullfont!
Missing character: There is no p in font nullfont!
Missing character: There is no l in font nullfont!
Missing character: There is no a in font nullfont!
Missing character: There is no n in font nullfont!
Missing character: There is no e in font nullfont!
Missing character: There is no t in font nullfont!
Missing character: There is no N in font nullfont!
Missing character: There is no e in font nullfont!
Missing character: There is no p in font nullfont!
Missing character: There is no t in font nullfont!
Missing character: There is no u in font nullfont!
Missing character: There is no n in font nullfont!
Missing character: There is no e in font nullfont!
Missing character: There is no [ in font nullfont!
\citation{Bogolyubov_2024}
! Undefined control sequence.
<write> ...: Citation `\@citeb ' on page \thepage 
                                                  \space undefined\on@line .
l.4 ...f the planet Neptune \cite{Bogolyubov_2024}
                                                  :\par
The control sequence at the end of the top line
of your error message was never \def'ed. If you have
misspelled it (e.g., `\hobx'), type `I' and the correct
spelling (e.g., `I\hbox'). Otherwise just continue,
and I'll forget about whatever was undefined.


LaTeX Warning: Citation `Bogolyubov_2024' on page  undefined on input line 4.

Missing character: There is no ] in font nullfont!
Missing character: There is no : in font nullfont!

Overfull \hbox (20.0pt too wide) in paragraph at lines 4--4
[]
 []


Overfull \hbox (16.9943pt too wide) in paragraph at lines 4--4
\OT1/cmr/m/it/10 per-
 []


Overfull \hbox (16.4832pt too wide) in paragraph at lines 4--4
\OT1/cmr/m/it/10 tur-
 []


Overfull \hbox (12.77766pt too wide) in paragraph at lines 4--4
\OT1/cmr/m/it/10 ba-
 []


Overfull \hbox (17.12212pt too wide) in paragraph at lines 4--4
\OT1/cmr/m/it/10 tion
 []


Overfull \hbox (5.43053pt too wide) in paragraph at lines 4--4
[] 
 []


! LaTeX Error: Environment small undefined.

See the LaTeX manual or LaTeX Companion for explanation.
Type  H <return>  for immediate help.
 ...                                              
                                                  
l.6 \begin{small}
                 
Your command was ignored.
Type  I <command> <return>  to replace it with another command,
or  <return>  to continue without it.


! LaTeX Error: Missing \begin{document}.

See the LaTeX manual or LaTeX Companion for explanation.
Type  H <return>  for immediate help.
 ...                                              
                                                  
l.7 ...resented a triumph of perturbation theory.}
                                                  
You're in trouble here.  Try typing  <return>  to proceed.
If that doesn't work, type  X <return>  to quit.


! LaTeX Error: \begin{document} ended by \end{small}.

See the LaTeX manual or LaTeX Companion for explanation.
Type  H <return>  for immediate help.
 ...                                              
                                                  
l.8 \end{small}
               \par
Your command was ignored.
Type  I <command> <return>  to replace it with another command,
or  <return>  to continue without it.


Overfull \hbox (74.82738pt too wide) in paragraph at lines 7--8
[]\OT1/cmr/m/it/10 Perturbation
 []


Overfull \hbox (16.61098pt too wide) in paragraph at lines 7--8
\OT1/cmr/m/it/10 the-
 []


Overfull \hbox (14.18323pt too wide) in paragraph at lines 7--8
\OT1/cmr/m/it/10 ory
 []


Overfull \hbox (14.31104pt too wide) in paragraph at lines 7--8
\OT1/cmr/m/it/10 has
 []


Overfull \hbox (18.39983pt too wide) in paragraph at lines 7--8
\OT1/cmr/m/it/10 been
 []


Overfull \hbox (12.26659pt too wide) in paragraph at lines 7--8
\OT1/cmr/m/it/10 in-
 []


Overfull \hbox (16.86653pt too wide) in paragraph at lines 7--8
\OT1/cmr/m/it/10 ves-
 []


Overfull \hbox (9.96658pt too wide) in paragraph at lines 7--8
\OT1/cmr/m/it/10 ti-
 []


Overfull \hbox (22.23315pt too wide) in paragraph at lines 7--8
\OT1/cmr/m/it/10 gated
 []


Overfull \hbox (9.45547pt too wide) in paragraph at lines 7--8
\OT1/cmr/m/it/10 by
 []


Overfull \hbox (28.7498pt too wide) in paragraph at lines 7--8
\OT1/cmr/m/it/10 promi-
 []


Overfull \hbox (19.16653pt too wide) in paragraph at lines 7--8
\OT1/cmr/m/it/10 nent
 []


Overfull \hbox (25.29984pt too wide) in paragraph at lines 7--8
\OT1/cmr/m/it/10 math-
 []


Overfull \hbox (8.1777pt too wide) in paragraph at lines 7--8
\OT1/cmr/m/it/10 e-
 []


Overfull \hbox (23.2554pt too wide) in paragraph at lines 7--8
\OT1/cmr/m/it/10 mati-
 []


Overfull \hbox (22.48875pt too wide) in paragraph at lines 7--8
\OT1/cmr/m/it/10 cians
 []


Overfull \hbox (22.48874pt too wide) in paragraph at lines 7--8
\OT1/cmr/m/it/10 (e.g.,
 []


Overfull \hbox (35.40529pt too wide) in paragraph at lines 7--8
\OT1/cmr/m/it/10 Laplace,
 []


Overfull \hbox (22.62764pt too wide) in paragraph at lines 7--8
\OT1/cmr/m/it/10 Pois-
 []


Overfull \hbox (17.8888pt too wide) in paragraph at lines 7--8
\OT1/cmr/m/it/10 son,
 []


Overfull \hbox (33.54704pt too wide) in paragraph at lines 7--8
\OT1/cmr/m/it/10 Gauss),
 []


Overfull \hbox (15.84436pt too wide) in paragraph at lines 7--8
\OT1/cmr/m/it/10 and
 []


Overfull \hbox (9.19995pt too wide) in paragraph at lines 7--8
\OT1/cmr/m/it/10 as
 []


Overfull \hbox (19.16655pt too wide) in paragraph at lines 7--8
\OT1/cmr/m/it/10 such
 []


Overfull \hbox (13.03323pt too wide) in paragraph at lines 7--8
\OT1/cmr/m/it/10 the
 []


Overfull \hbox (20.9554pt too wide) in paragraph at lines 7--8
\OT1/cmr/m/it/10 com-
 []


Overfull \hbox (14.05547pt too wide) in paragraph at lines 7--8
\OT1/cmr/m/it/10 pu-
 []


Overfull \hbox (12.01102pt too wide) in paragraph at lines 7--8
\OT1/cmr/m/it/10 ta-
 []


Overfull \hbox (21.21098pt too wide) in paragraph at lines 7--8
\OT1/cmr/m/it/10 tions
 []


Overfull \hbox (14.82211pt too wide) in paragraph at lines 7--8
\OT1/cmr/m/it/10 can
 []


Overfull \hbox (8.6888pt too wide) in paragraph at lines 7--8
\OT1/cmr/m/it/10 be
 []


Overfull \hbox (16.9943pt too wide) in paragraph at lines 7--8
\OT1/cmr/m/it/10 per-
 []


Overfull \hbox (29.77202pt too wide) in paragraph at lines 7--8
\OT1/cmr/m/it/10 formed
 []


Overfull \hbox (18.14433pt too wide) in paragraph at lines 7--8
\OT1/cmr/m/it/10 with
 []


Overfull \hbox (18.27206pt too wide) in paragraph at lines 7--8
\OT1/cmr/m/it/10 very
 []


Overfull \hbox (17.88878pt too wide) in paragraph at lines 7--8
\OT1/cmr/m/it/10 high
 []


Overfull \hbox (13.28879pt too wide) in paragraph at lines 7--8
\OT1/cmr/m/it/10 ac-
 []


Overfull \hbox (13.54434pt too wide) in paragraph at lines 7--8
\OT1/cmr/m/it/10 cu-
 []


Overfull \hbox (21.33871pt too wide) in paragraph at lines 7--8
\OT1/cmr/m/it/10 racy.
 []


Overfull \hbox (15.08878pt too wide) in paragraph at lines 7--8
\OT1/cmr/m/it/10 For
 []


Overfull \hbox (12.81657pt too wide) in paragraph at lines 7--8
\OT1/cmr/m/it/10 ex-
 []


Overfull \hbox (16.86656pt too wide) in paragraph at lines 7--8
\OT1/cmr/m/it/10 am-
 []


Overfull \hbox (15.33324pt too wide) in paragraph at lines 7--8
\OT1/cmr/m/it/10 ple,
 []


Overfull \hbox (13.03323pt too wide) in paragraph at lines 7--8
\OT1/cmr/m/it/10 the
 []


Overfull \hbox (12.81657pt too wide) in paragraph at lines 7--8
\OT1/cmr/m/it/10 ex-
 []


Overfull \hbox (10.73326pt too wide) in paragraph at lines 7--8
\OT1/cmr/m/it/10 is-
 []


Overfull \hbox (22.23314pt too wide) in paragraph at lines 7--8
\OT1/cmr/m/it/10 tence
 []


Overfull \hbox (8.17773pt too wide) in paragraph at lines 7--8
\OT1/cmr/m/it/10 of
 []


Overfull \hbox (13.03323pt too wide) in paragraph at lines 7--8
\OT1/cmr/m/it/10 the
 []


Overfull \hbox (26.32205pt too wide) in paragraph at lines 7--8
\OT1/cmr/m/it/10 planet
 []


Overfull \hbox (20.72208pt too wide) in paragraph at lines 7--8
\OT1/cmr/m/it/10 Nep-
 []


Overfull \hbox (18.91098pt too wide) in paragraph at lines 7--8
\OT1/cmr/m/it/10 tune
 []


Overfull \hbox (15.84436pt too wide) in paragraph at lines 7--8
\OT1/cmr/m/it/10 was
 []


Overfull \hbox (17.37766pt too wide) in paragraph at lines 7--8
\OT1/cmr/m/it/10 pos-
 []


Overfull \hbox (12.26657pt too wide) in paragraph at lines 7--8
\OT1/cmr/m/it/10 tu-
 []


Overfull \hbox (20.18874pt too wide) in paragraph at lines 7--8
\OT1/cmr/m/it/10 lated
 []


Overfull \hbox (8.68884pt too wide) in paragraph at lines 7--8
\OT1/cmr/m/it/10 in
 []


Overfull \hbox (20.44434pt too wide) in paragraph at lines 7--8
\OT1/cmr/m/it/10 1848
 []


Overfull \hbox (9.45547pt too wide) in paragraph at lines 7--8
\OT1/cmr/m/it/10 by
 []


Overfull \hbox (25.29984pt too wide) in paragraph at lines 7--8
\OT1/cmr/m/it/10 math-
 []


Overfull \hbox (8.1777pt too wide) in paragraph at lines 7--8
\OT1/cmr/m/it/10 e-
 []


Overfull \hbox (23.2554pt too wide) in paragraph at lines 7--8
\OT1/cmr/m/it/10 mati-
 []


Overfull \hbox (22.48875pt too wide) in paragraph at lines 7--8
\OT1/cmr/m/it/10 cians
 []


Overfull \hbox (18.53876pt too wide) in paragraph at lines 7--8
\OT1/cmr/m/it/10 J.C.
 []


Overfull \hbox (29.41093pt too wide) in paragraph at lines 7--8
\OT1/cmr/m/it/10 Adams
 []


Overfull \hbox (15.84436pt too wide) in paragraph at lines 7--8
\OT1/cmr/m/it/10 and
 []


Overfull \hbox (10.49994pt too wide) in paragraph at lines 7--8
\OT1/cmr/m/it/10 U.
 []


Overfull \hbox (7.1555pt too wide) in paragraph at lines 7--8
\OT1/cmr/m/it/10 le
 []


Overfull \hbox (19.06096pt too wide) in paragraph at lines 7--8
\OT1/cmr/m/it/10 Ver-
 []


Overfull \hbox (19.16652pt too wide) in paragraph at lines 7--8
\OT1/cmr/m/it/10 rier,
 []


Overfull \hbox (18.14433pt too wide) in paragraph at lines 7--8
\OT1/cmr/m/it/10 with
 []


Overfull \hbox (15.58879pt too wide) in paragraph at lines 7--8
\OT1/cmr/m/it/10 this
 []


Overfull \hbox (17.37766pt too wide) in paragraph at lines 7--8
\OT1/cmr/m/it/10 pos-
 []


Overfull \hbox (12.26657pt too wide) in paragraph at lines 7--8
\OT1/cmr/m/it/10 tu-
 []


Overfull \hbox (11.24437pt too wide) in paragraph at lines 7--8
\OT1/cmr/m/it/10 la-
 []


Overfull \hbox (17.12212pt too wide) in paragraph at lines 7--8
\OT1/cmr/m/it/10 tion
 []


Overfull \hbox (12.26654pt too wide) in paragraph at lines 7--8
\OT1/cmr/m/it/10 be-
 []


Overfull \hbox (13.2888pt too wide) in paragraph at lines 7--8
\OT1/cmr/m/it/10 ing
 []


Overfull \hbox (22.48871pt too wide) in paragraph at lines 7--8
\OT1/cmr/m/it/10 based
 []


Overfull \hbox (10.73328pt too wide) in paragraph at lines 7--8
\OT1/cmr/m/it/10 on
 []


Overfull \hbox (13.03323pt too wide) in paragraph at lines 7--8
\OT1/cmr/m/it/10 the
 []


Overfull \hbox (13.28879pt too wide) in paragraph at lines 7--8
\OT1/cmr/m/it/10 de-
 []


Overfull \hbox (11.24435pt too wide) in paragraph at lines 7--8
\OT1/cmr/m/it/10 vi-
 []


Overfull \hbox (8.68883pt too wide) in paragraph at lines 7--8
\OT1/cmr/m/it/10 a-
 []


Overfull \hbox (21.21098pt too wide) in paragraph at lines 7--8
\OT1/cmr/m/it/10 tions
 []


Overfull \hbox (17.88878pt too wide) in paragraph at lines 7--8
\OT1/cmr/m/it/10 (i.e.
 []


Overfull \hbox (16.9943pt too wide) in paragraph at lines 7--8
\OT1/cmr/m/it/10 per-
 []


Overfull \hbox (16.4832pt too wide) in paragraph at lines 7--8
\OT1/cmr/m/it/10 tur-
 []


Overfull \hbox (12.77766pt too wide) in paragraph at lines 7--8
\OT1/cmr/m/it/10 ba-
 []


Overfull \hbox (25.29985pt too wide) in paragraph at lines 7--8
\OT1/cmr/m/it/10 tions)
 []


Overfull \hbox (8.68884pt too wide) in paragraph at lines 7--8
\OT1/cmr/m/it/10 in
 []


Overfull \hbox (13.03323pt too wide) in paragraph at lines 7--8
\OT1/cmr/m/it/10 the
 []


Overfull \hbox (13.28879pt too wide) in paragraph at lines 7--8
\OT1/cmr/m/it/10 ob-
 []


Overfull \hbox (26.70534pt too wide) in paragraph at lines 7--8
\OT1/cmr/m/it/10 served
 []


Overfull \hbox (16.86656pt too wide) in paragraph at lines 7--8
\OT1/cmr/m/it/10 mo-
 []


Overfull \hbox (17.12212pt too wide) in paragraph at lines 7--8
\OT1/cmr/m/it/10 tion
 []


Overfull \hbox (8.17773pt too wide) in paragraph at lines 7--8
\OT1/cmr/m/it/10 of
 []


Overfull \hbox (13.03323pt too wide) in paragraph at lines 7--8
\OT1/cmr/m/it/10 the
 []


Overfull \hbox (26.32205pt too wide) in paragraph at lines 7--8
\OT1/cmr/m/it/10 planet
 []


Overfull \hbox (34.39423pt too wide) in paragraph at lines 7--8
\OT1/cmr/m/it/10 Uranus.
 []


Overfull \hbox (16.86655pt too wide) in paragraph at lines 7--8
\OT1/cmr/m/it/10 The
 []


Overfull \hbox (12.81657pt too wide) in paragraph at lines 7--8
\OT1/cmr/m/it/10 ex-
 []


Overfull \hbox (10.73326pt too wide) in paragraph at lines 7--8
\OT1/cmr/m/it/10 is-
 []


Overfull \hbox (22.23314pt too wide) in paragraph at lines 7--8
\OT1/cmr/m/it/10 tence
 []


Overfull \hbox (8.17773pt too wide) in paragraph at lines 7--8
\OT1/cmr/m/it/10 of
 []


Overfull \hbox (20.72208pt too wide) in paragraph at lines 7--8
\OT1/cmr/m/it/10 Nep-
 []


Overfull \hbox (18.91098pt too wide) in paragraph at lines 7--8
\OT1/cmr/m/it/10 tune
 []


Overfull \hbox (15.84436pt too wide) in paragraph at lines 7--8
\OT1/cmr/m/it/10 was
 []


Overfull \hbox (18.65543pt too wide) in paragraph at lines 7--8
\OT1/cmr/m/it/10 then
 []


Overfull \hbox (18.39986pt too wide) in paragraph at lines 7--8
\OT1/cmr/m/it/10 con-
 []


Overfull \hbox (27.21648pt too wide) in paragraph at lines 7--8
\OT1/cmr/m/it/10 firmed
 []


Overfull \hbox (9.45547pt too wide) in paragraph at lines 7--8
\OT1/cmr/m/it/10 by
 []


Overfull \hbox (16.61101pt too wide) in paragraph at lines 7--8
\OT1/cmr/m/it/10 way
 []


Overfull \hbox (8.17773pt too wide) in paragraph at lines 7--8
\OT1/cmr/m/it/10 of
 []


Overfull \hbox (13.28879pt too wide) in paragraph at lines 7--8
\OT1/cmr/m/it/10 ob-
 []


Overfull \hbox (16.4832pt too wide) in paragraph at lines 7--8
\OT1/cmr/m/it/10 ser-
 []


Overfull \hbox (13.28879pt too wide) in paragraph at lines 7--8
\OT1/cmr/m/it/10 va-
 []


Overfull \hbox (17.12212pt too wide) in paragraph at lines 7--8
\OT1/cmr/m/it/10 tion
 []


Overfull \hbox (9.45547pt too wide) in paragraph at lines 7--8
\OT1/cmr/m/it/10 by
 []


Overfull \hbox (13.03323pt too wide) in paragraph at lines 7--8
\OT1/cmr/m/it/10 the
 []


Overfull \hbox (12.7777pt too wide) in paragraph at lines 7--8
\OT1/cmr/m/it/10 as-
 []


Overfull \hbox (39.86638pt too wide) in paragraph at lines 7--8
\OT1/cmr/m/it/10 tronomer
 []


Overfull \hbox (19.11932pt too wide) in paragraph at lines 7--8
\OT1/cmr/m/it/10 J.G.
 []


Overfull \hbox (23.0693pt too wide) in paragraph at lines 7--8
\OT1/cmr/m/it/10 Galle
 []


Overfull \hbox (20.95544pt too wide) in paragraph at lines 7--8
\OT1/cmr/m/it/10 (who
 []


Overfull \hbox (11.88321pt too wide) in paragraph at lines 7--8
\OT1/cmr/m/it/10 re-
 []


Overfull \hbox (25.55533pt too wide) in paragraph at lines 7--8
\OT1/cmr/m/it/10 ceived
 []


Overfull \hbox (12.77766pt too wide) in paragraph at lines 7--8
\OT1/cmr/m/it/10 co-
 []


Overfull \hbox (12.90546pt too wide) in paragraph at lines 7--8
\OT1/cmr/m/it/10 or-
 []


Overfull \hbox (11.75548pt too wide) in paragraph at lines 7--8
\OT1/cmr/m/it/10 di-
 []


Overfull \hbox (22.7443pt too wide) in paragraph at lines 7--8
\OT1/cmr/m/it/10 nates
 []


Overfull \hbox (20.06097pt too wide) in paragraph at lines 7--8
\OT1/cmr/m/it/10 from
 []


Overfull \hbox (7.1555pt too wide) in paragraph at lines 7--8
\OT1/cmr/m/it/10 le
 []


Overfull \hbox (19.06096pt too wide) in paragraph at lines 7--8
\OT1/cmr/m/it/10 Ver-
 []


Overfull \hbox (23.25539pt too wide) in paragraph at lines 7--8
\OT1/cmr/m/it/10 rier).
 []


Overfull \hbox (19.4221pt too wide) in paragraph at lines 7--8
\OT1/cmr/m/it/10 This
 []


Overfull \hbox (16.9943pt too wide) in paragraph at lines 7--8
\OT1/cmr/m/it/10 rep-
 []


Overfull \hbox (11.88321pt too wide) in paragraph at lines 7--8
\OT1/cmr/m/it/10 re-
 []


Overfull \hbox (26.83313pt too wide) in paragraph at lines 7--8
\OT1/cmr/m/it/10 sented
 []


Overfull \hbox (5.11108pt too wide) in paragraph at lines 7--8
\OT1/cmr/m/it/10 a
 []


Overfull \hbox (14.18321pt too wide) in paragraph at lines 7--8
\OT1/cmr/m/it/10 tri-
 []


Overfull \hbox (23.76654pt too wide) in paragraph at lines 7--8
\OT1/cmr/m/it/10 umph
 []


Overfull \hbox (8.17773pt too wide) in paragraph at lines 7--8
\OT1/cmr/m/it/10 of
 []


Overfull \hbox (16.9943pt too wide) in paragraph at lines 7--8
\OT1/cmr/m/it/10 per-
 []


Overfull \hbox (16.4832pt too wide) in paragraph at lines 7--8
\OT1/cmr/m/it/10 tur-
 []


Overfull \hbox (12.77766pt too wide) in paragraph at lines 7--8
\OT1/cmr/m/it/10 ba-
 []


Overfull \hbox (17.12212pt too wide) in paragraph at lines 7--8
\OT1/cmr/m/it/10 tion
 []


Overfull \hbox (16.61098pt too wide) in paragraph at lines 7--8
\OT1/cmr/m/it/10 the-
 []


Overfull \hbox (17.24988pt too wide) in paragraph at lines 7--8
\OT1/cmr/m/it/10 ory. 
 []


! LaTeX Error: The font size command \normalsize is not defined:
               there is probably something wrong with the class file.

See the LaTeX manual or LaTeX Companion for explanation.
Type  H <return>  for immediate help.
 ...                                              
                                                  
l.8 \end{small}\par
                   
Your command was ignored.
Type  I <command> <return>  to replace it with another command,
or  <return>  to continue without it.

[1{/var/lib/texmf/fonts/map/pdftex/updmap/pdftex.map}]

! LaTeX Error: Missing \begin{document}.

See the LaTeX manual or LaTeX Companion for explanation.
Type  H <return>  for immediate help.
 ...                                              
                                                  
l.10 \noindent
               The approach taken in this work can itemized as follows
You're in trouble here.  Try typing  <return>  to proceed.
If that doesn't work, type  X <return>  to quit.

Missing character: There is no T in font nullfont!
Missing character: There is no h in font nullfont!
Missing character: There is no e in font nullfont!
Missing character: There is no a in font nullfont!
Missing character: There is no p in font nullfont!
Missing character: There is no p in font nullfont!
Missing character: There is no r in font nullfont!
Missing character: There is no o in font nullfont!
Missing character: There is no a in font nullfont!
Missing character: There is no c in font nullfont!
Missing character: There is no h in font nullfont!
Missing character: There is no t in font nullfont!
Missing character: There is no a in font nullfont!
Missing character: There is no k in font nullfont!
Missing character: There is no e in font nullfont!
Missing character: There is no n in font nullfont!
Missing character: There is no i in font nullfont!
Missing character: There is no n in font nullfont!
Missing character: There is no t in font nullfont!
Missing character: There is no h in font nullfont!
Missing character: There is no i in font nullfont!
Missing character: There is no s in font nullfont!
Missing character: There is no w in font nullfont!
Missing character: There is no o in font nullfont!
Missing character: There is no r in font nullfont!
Missing character: There is no k in font nullfont!
Missing character: There is no c in font nullfont!
Missing character: There is no a in font nullfont!
Missing character: There is no n in font nullfont!
Missing character: There is no i in font nullfont!
Missing character: There is no t in font nullfont!
Missing character: There is no e in font nullfont!
Missing character: There is no m in font nullfont!
Missing character: There is no i in font nullfont!
Missing character: There is no z in font nullfont!
Missing character: There is no e in font nullfont!
Missing character: There is no d in font nullfont!
Missing character: There is no a in font nullfont!
Missing character: There is no s in font nullfont!
Missing character: There is no f in font nullfont!
Missing character: There is no o in font nullfont!
Missing character: There is no l in font nullfont!
Missing character: There is no l in font nullfont!
Missing character: There is no o in font nullfont!
Missing character: There is no w in font nullfont!
Missing character: There is no s in font nullfont!

! LaTeX Error: Missing \begin{document}.

See the LaTeX manual or LaTeX Companion for explanation.
Type  H <return>  for immediate help.
 ...                                              
                                                  
l.12 \begin{enumerate}
                      
You're in trouble here.  Try typing  <return>  to proceed.
If that doesn't work, type  X <return>  to quit.


Overfull \hbox (20.0pt too wide) in paragraph at lines 12--12
[] 
 []

)
! Emergency stop.
<*> motivation_and_intent.tex
                             
*** (job aborted, no legal \end found)

 
Here is how much of TeX's memory you used:
 26 strings out of 478287
 559 string characters out of 5849289
 296630 words of memory out of 5000000
 18319 multiletter control sequences out of 15000+600000
 469913 words of font info for 30 fonts, out of 8000000 for 9000
 1141 hyphenation exceptions out of 8191
 24i,5n,25p,668b,105s stack positions out of 5000i,500n,10000p,200000b,80000s
!  ==> Fatal error occurred, no output PDF file produced!
